<?xml version="1.0" encoding="utf-8"?><testsuites name="pytest tests"><testsuite name="pytest" errors="0" failures="0" skipped="0" tests="13" time="7.642" timestamp="2026-09-13T01:19:06.906285+00:00" hostname="agent-env-68f6f4d1-9a1a-4751-8583-371b58df5dea"><testcase classname="tests.test_auth.TestProtection" name="test_get_siswa_401_no_auth" time="0.333" /><testcase classname="tests.test_auth.TestLogin" name="test_login_wrong_password_401_generic" time="0.701" /><testcase classname="tests.test_auth.TestProtection" name="test_get_absensi_401_no_auth" time="0.370" /><testcase classname="tests.test_auth.TestLogin" name="test_login_unknown_user_generic" time="0.372" /><testcase classname="tests.test_auth.TestProtection" name="test_post_absensi_401_no_auth" time="0.181" /><testcase classname="tests.test_auth.TestProtection" name="test_generate_401_no_auth" time="0.243" /><testcase classname="tests.test_auth.TestLogin" name="test_login_success_sets_cookie_no_hash" time="1.245" /><testcase classname="tests.test_auth.TestProtection" name="test_me_401_no_auth" time="0.201" /><testcase classname="tests.test_auth.TestRateLimit" name="test_rate_limit_429_on_6th_attempt_throwaway_user" time="2.190" /><testcase classname="tests.test_auth.TestLogin" name="test_me_returns_user_no_hash" time="1.405" /><testcase classname="tests.test_auth.TestRateLimit" name="test_valid_admin_still_can_login_when_other_user_locked" time="1.242" /><testcase classname="tests.test_auth.TestLogin" name="test_protected_endpoints_work_after_login" time="1.953" /><testcase classname="tests.test_auth.TestLogin" name="test_logout_clears_cookie" time="1.472" /></testsuite></testsuites>