<?xml version="1.0" encoding="utf-8"?><testsuites name="pytest tests"><testsuite name="pytest" errors="0" failures="0" skipped="0" tests="8" time="6.081" timestamp="2026-09-13T23:55:07.722383+00:00" hostname="agent-env-68f6f4d1-9a1a-4751-8583-371b58df5dea"><testcase classname="tests.test_dashboard.TestDashboardProtection" name="test_401_no_auth" time="0.222" /><testcase classname="tests.test_dashboard.TestDashboardShape" name="test_dashboard_returns_expected_shape" time="1.856" /><testcase classname="tests.test_dashboard.TestDashboardShape" name="test_dashboard_respects_tanggal_query" time="0.490" /><testcase classname="tests.test_dashboard.TestDashboardShape" name="test_gender_sums_le_total_aktif" time="0.528" /><testcase classname="tests.test_dashboard.TestDashboardShape" name="test_perhatian_only_sakit_ijin_pulang" time="0.536" /><testcase classname="tests.test_dashboard.TestDashboardShape" name="test_seeded_students_present_in_perhatian" time="0.496" /><testcase classname="tests.test_dashboard.TestDashboardShape" name="test_kehadiran_consistency" time="1.093" /><testcase classname="tests.test_dashboard.TestDashboardShape" name="test_total_aktif_matches_siswa_aktif" time="0.791" /></testsuite></testsuites>