<?xml version="1.0" encoding="utf-8"?><testsuites name="pytest tests"><testsuite name="pytest" errors="0" failures="0" skipped="0" tests="7" time="7.541" timestamp="2026-09-14T00:19:32.402231+00:00" hostname="agent-env-68f6f4d1-9a1a-4751-8583-371b58df5dea"><testcase classname="tests.test_logs_and_kelas.TestLogs" name="test_logs_requires_auth" time="0.462" /><testcase classname="tests.test_logs_and_kelas.TestDashboardKelas" name="test_dashboard_returns_kelas_list_without_filter" time="3.213" /><testcase classname="tests.test_logs_and_kelas.TestLogs" name="test_logs_returns_expected_shape" time="2.958" /><testcase classname="tests.test_logs_and_kelas.TestDashboardKelas" name="test_dashboard_kelas_filter_scopes_stats" time="1.707" /><testcase classname="tests.test_logs_and_kelas.TestLogs" name="test_logs_contains_login_action" time="1.095" /><testcase classname="tests.test_logs_and_kelas.TestDashboardKelas" name="test_dashboard_semua_kelas_matches_no_param" time="1.068" /><testcase classname="tests.test_logs_and_kelas.TestDashboardKelas" name="test_dashboard_unknown_kelas_returns_zero" time="0.997" /></testsuite></testsuites>