<?xml version="1.0" encoding="utf-8"?><testsuites name="pytest tests"><testsuite name="pytest" errors="0" failures="0" skipped="0" tests="7" time="4.220" timestamp="2026-09-13T00:45:26.636048+00:00" hostname="agent-env-68f6f4d1-9a1a-4751-8583-371b58df5dea"><testcase classname="tests.test_generate_and_cron" name="test_generate_absensi_creates_missing_rows" time="1.389" /><testcase classname="tests.test_generate_and_cron" name="test_generate_absensi_idempotent_no_duplicates" time="0.522" /><testcase classname="tests.test_generate_and_cron" name="test_generate_does_not_overwrite_manual_edit" time="0.866" /><testcase classname="tests.test_generate_and_cron" name="test_generate_defaults_to_today_when_no_body" time="0.306" /><testcase classname="tests.test_generate_and_cron" name="test_cron_no_auth_returns_401" time="0.201" /><testcase classname="tests.test_generate_and_cron" name="test_cron_wrong_token_returns_401" time="0.185" /><testcase classname="tests.test_generate_and_cron" name="test_cron_valid_token_returns_200" time="0.235" /></testsuite></testsuites>