<?xml version="1.0" encoding="utf-8"?><testsuites name="pytest tests"><testsuite name="pytest" errors="0" failures="0" skipped="0" tests="9" time="6.084" timestamp="2026-09-13T00:10:31.439025+00:00" hostname="agent-env-68f6f4d1-9a1a-4751-8583-371b58df5dea"><testcase classname="tests.test_absensi" name="test_root" time="0.337" /><testcase classname="tests.test_absensi" name="test_sheets_config" time="0.117" /><testcase classname="tests.test_absensi" name="test_get_siswa" time="0.564" /><testcase classname="tests.test_absensi" name="test_get_absensi_today" time="0.245" /><testcase classname="tests.test_absensi" name="test_upsert_invalid_status_returns_422" time="0.366" /><testcase classname="tests.test_absensi" name="test_upsert_missing_id_returns_422" time="0.280" /><testcase classname="tests.test_absensi" name="test_upsert_updates_existing_no_duplicate" time="1.123" /><testcase classname="tests.test_absensi" name="test_upsert_keterangan_persists" time="0.718" /><testcase classname="tests.test_absensi" name="test_all_valid_statuses" time="1.855" /></testsuite></testsuites>