<?xml version="1.0" encoding="utf-8"?><testsuites name="pytest tests"><testsuite name="pytest" errors="0" failures="0" skipped="0" tests="14" time="11.712" timestamp="2026-09-13T01:51:24.426685+00:00" hostname="agent-env-68f6f4d1-9a1a-4751-8583-371b58df5dea"><testcase classname="tests.test_siswa.TestProtection" name="test_get_siswa_401" time="0.381" /><testcase classname="tests.test_siswa.TestProtection" name="test_post_siswa_401" time="0.376" /><testcase classname="tests.test_siswa.TestProtection" name="test_put_siswa_401" time="0.169" /><testcase classname="tests.test_siswa.TestProtection" name="test_status_siswa_401" time="0.211" /><testcase classname="tests.test_siswa.TestListFilter" name="test_default_aktif_only" time="1.714" /><testcase classname="tests.test_siswa.TestListFilter" name="test_nonaktif_only" time="0.470" /><testcase classname="tests.test_siswa.TestListFilter" name="test_all" time="0.388" /><testcase classname="tests.test_siswa.TestValidation" name="test_create_empty_nama_422" time="1.405" /><testcase classname="tests.test_siswa.TestValidation" name="test_create_empty_kelas_422" time="0.085" /><testcase classname="tests.test_siswa.TestLifecycle" name="test_full_lifecycle" time="6.314" /><testcase classname="tests.test_siswa.TestValidation" name="test_create_bad_gender_422" time="0.098" /><testcase classname="tests.test_siswa.TestInvalid" name="test_update_nonexistent_404" time="0.379" /><testcase classname="tests.test_siswa.TestInvalid" name="test_status_bad_value_422" time="0.081" /><testcase classname="tests.test_siswa.TestLifecycle" name="test_deactivated_excluded_from_generate" time="2.340" /></testsuite></testsuites>